d:\googledrive\study\project\graduateproject\clienttestcodes\frameworks\frameworks\x64\debug\framework01.pch
d:\googledrive\study\project\graduateproject\clienttestcodes\frameworks\frameworks\x64\debug\vc141.pdb
d:\googledrive\study\project\graduateproject\clienttestcodes\frameworks\frameworks\x64\debug\vc141.idb
d:\googledrive\study\project\graduateproject\clienttestcodes\frameworks\frameworks\x64\debug\stdafx.obj
d:\googledrive\study\project\graduateproject\clienttestcodes\frameworks\frameworks\x64\debug\scene.obj
d:\googledrive\study\project\graduateproject\clienttestcodes\frameworks\frameworks\x64\debug\shader.obj
d:\googledrive\study\project\graduateproject\clienttestcodes\frameworks\frameworks\x64\debug\objectshader.obj
d:\googledrive\study\project\graduateproject\clienttestcodes\frameworks\frameworks\x64\debug\terrainshader.obj
d:\googledrive\study\project\graduateproject\clienttestcodes\frameworks\frameworks\x64\debug\baseobject.obj
d:\googledrive\study\project\graduateproject\clienttestcodes\frameworks\frameworks\x64\debug\camera.obj
d:\googledrive\study\project\graduateproject\clienttestcodes\frameworks\frameworks\x64\debug\spaceshipcamera.obj
d:\googledrive\study\project\graduateproject\clienttestcodes\frameworks\frameworks\x64\debug\firstpersoncamera.obj
d:\googledrive\study\project\graduateproject\clienttestcodes\frameworks\frameworks\x64\debug\thirdpersoncamera.obj
d:\googledrive\study\project\graduateproject\clienttestcodes\frameworks\frameworks\x64\debug\rotatingobject.obj
d:\googledrive\study\project\graduateproject\clienttestcodes\frameworks\frameworks\x64\debug\player.obj
d:\googledrive\study\project\graduateproject\clienttestcodes\frameworks\frameworks\x64\debug\airplaneplayer.obj
d:\googledrive\study\project\graduateproject\clienttestcodes\frameworks\frameworks\x64\debug\heightmapterrain.obj
d:\googledrive\study\project\graduateproject\clienttestcodes\frameworks\frameworks\x64\debug\skeleton.obj
d:\googledrive\study\project\graduateproject\clienttestcodes\frameworks\frameworks\x64\debug\prefabs.obj
d:\googledrive\study\project\graduateproject\clienttestcodes\frameworks\frameworks\x64\debug\texture.obj
d:\googledrive\study\project\graduateproject\clienttestcodes\frameworks\frameworks\x64\debug\material.obj
d:\googledrive\study\project\graduateproject\clienttestcodes\frameworks\frameworks\x64\debug\vertex.obj
d:\googledrive\study\project\graduateproject\clienttestcodes\frameworks\frameworks\x64\debug\mesh.obj
d:\googledrive\study\project\graduateproject\clienttestcodes\frameworks\frameworks\x64\debug\meshimporter.obj
d:\googledrive\study\project\graduateproject\clienttestcodes\frameworks\frameworks\x64\debug\timer.obj
d:\googledrive\study\project\graduateproject\clienttestcodes\frameworks\frameworks\x64\debug\exptprocess.obj
d:\googledrive\study\project\graduateproject\clienttestcodes\frameworks\frameworks\x64\debug\ddstextureloader12.obj
d:\googledrive\study\project\graduateproject\clienttestcodes\frameworks\frameworks\x64\debug\safefunc.obj
d:\googledrive\study\project\graduateproject\clienttestcodes\frameworks\frameworks\x64\debug\framework01.obj
d:\googledrive\study\project\graduateproject\clienttestcodes\frameworks\frameworks\x64\debug\framework.obj
d:\googledrive\study\project\graduateproject\clienttestcodes\frameworks\frameworks\x64\debug\createmgr.obj
d:\googledrive\study\project\graduateproject\clienttestcodes\frameworks\frameworks\x64\debug\rendermgr.obj
d:\새 폴더\client\frameworks\frameworks\x64\debug\vc141.pdb
d:\googledrive\study\project\graduateproject\clienttestcodes\frameworks\x64\debug\light.cso
d:\googledrive\study\project\graduateproject\clienttestcodes\frameworks\x64\debug\shaders.cso
d:\새 폴더\client\frameworks\x64\debug\light.cso
d:\새 폴더\client\frameworks\x64\debug\shaders.cso
d:\googledrive\study\project\graduateproject\clienttestcodes\frameworks\x64\debug\framework01.exe
d:\googledrive\study\project\graduateproject\clienttestcodes\frameworks\x64\debug\framework01.ilk
d:\googledrive\study\project\graduateproject\clienttestcodes\frameworks\x64\debug\framework01.pdb
d:\googledrive\study\project\graduateproject\clienttestcodes\frameworks\frameworks\x64\debug\framework01.res
d:\새 폴더\client\frameworks\frameworks\x64\debug\airplaneplayer.obj
d:\새 폴더\client\frameworks\frameworks\x64\debug\baseobject.obj
d:\새 폴더\client\frameworks\frameworks\x64\debug\camera.obj
d:\새 폴더\client\frameworks\frameworks\x64\debug\createmgr.obj
d:\새 폴더\client\frameworks\frameworks\x64\debug\ddstextureloader12.obj
d:\새 폴더\client\frameworks\frameworks\x64\debug\exptprocess.obj
d:\새 폴더\client\frameworks\frameworks\x64\debug\firstpersoncamera.obj
d:\새 폴더\client\frameworks\frameworks\x64\debug\framework.obj
d:\새 폴더\client\frameworks\frameworks\x64\debug\framework01.obj
d:\새 폴더\client\frameworks\frameworks\x64\debug\heightmapterrain.obj
d:\새 폴더\client\frameworks\frameworks\x64\debug\material.obj
d:\새 폴더\client\frameworks\frameworks\x64\debug\mesh.obj
d:\새 폴더\client\frameworks\frameworks\x64\debug\meshimporter.obj
d:\새 폴더\client\frameworks\frameworks\x64\debug\objectshader.obj
d:\새 폴더\client\frameworks\frameworks\x64\debug\player.obj
d:\새 폴더\client\frameworks\frameworks\x64\debug\prefabs.obj
d:\새 폴더\client\frameworks\frameworks\x64\debug\rendermgr.obj
d:\새 폴더\client\frameworks\frameworks\x64\debug\rotatingobject.obj
d:\새 폴더\client\frameworks\frameworks\x64\debug\safefunc.obj
d:\새 폴더\client\frameworks\frameworks\x64\debug\scene.obj
d:\새 폴더\client\frameworks\frameworks\x64\debug\shader.obj
d:\새 폴더\client\frameworks\frameworks\x64\debug\skeleton.obj
d:\새 폴더\client\frameworks\frameworks\x64\debug\spaceshipcamera.obj
d:\새 폴더\client\frameworks\frameworks\x64\debug\stdafx.obj
d:\새 폴더\client\frameworks\frameworks\x64\debug\terrainshader.obj
d:\새 폴더\client\frameworks\frameworks\x64\debug\texture.obj
d:\새 폴더\client\frameworks\frameworks\x64\debug\thirdpersoncamera.obj
d:\새 폴더\client\frameworks\frameworks\x64\debug\timer.obj
d:\새 폴더\client\frameworks\frameworks\x64\debug\vertex.obj
d:\새 폴더\client\frameworks\frameworks\x64\debug\framework01.res
d:\새 폴더\client\frameworks\frameworks\x64\debug\vc141.idb
d:\새 폴더\client\frameworks\x64\debug\framework01.pdb
d:\새 폴더\client\frameworks\x64\debug\framework01.exe
d:\새 폴더\client\frameworks\x64\debug\framework01.ilk
d:\새 폴더\client\frameworks\frameworks\x64\debug\framework01.tlog\cl.command.1.tlog
d:\새 폴더\client\frameworks\frameworks\x64\debug\framework01.tlog\cl.read.1.tlog
d:\새 폴더\client\frameworks\frameworks\x64\debug\framework01.tlog\cl.write.1.tlog
d:\새 폴더\client\frameworks\frameworks\x64\debug\framework01.tlog\framework01.write.1u.tlog
d:\새 폴더\client\frameworks\frameworks\x64\debug\framework01.tlog\link.command.1.tlog
d:\새 폴더\client\frameworks\frameworks\x64\debug\framework01.tlog\link.read.1.tlog
d:\새 폴더\client\frameworks\frameworks\x64\debug\framework01.tlog\link.write.1.tlog
d:\새 폴더\client\frameworks\frameworks\x64\debug\framework01.tlog\rc.command.1.tlog
d:\새 폴더\client\frameworks\frameworks\x64\debug\framework01.tlog\rc.read.1.tlog
d:\새 폴더\client\frameworks\frameworks\x64\debug\framework01.tlog\rc.write.1.tlog
