c:\users\funfit\desktop\졸업작품\clienttestcodes\fbxexporter\fbxexporter\debug\vc141.pdb
c:\users\funfit\desktop\졸업작품\clienttestcodes\fbxexporter\fbxexporter\debug\vc141.idb
c:\users\funfit\desktop\졸업작품\clienttestcodes\fbxexporter\fbxexporter\debug\fbxexporter.obj
c:\users\funfit\desktop\졸업작품\clienttestcodes\fbxexporter\fbxexporter\debug\main.obj
c:\users\funfit\desktop\졸업작품\clienttestcodes\fbxexporter\fbxexporter\debug\mathhelper.obj
c:\users\funfit\desktop\졸업작품\clienttestcodes\fbxexporter\fbxexporter\debug\utilities.obj
c:\users\funfit\desktop\졸업작품\clienttestcodes\fbxexporter\debug\fbxexporter.ilk
c:\users\funfit\desktop\졸업작품\clienttestcodes\fbxexporter\debug\fbxexporter.exe
c:\users\funfit\desktop\졸업작품\clienttestcodes\fbxexporter\debug\fbxexporter.pdb
d:\새 폴더\client\fbxexporter\fbxexporter\debug\fbxexporter.exe.embed.manifest
d:\새 폴더\client\fbxexporter\fbxexporter\debug\fbxexporter.exe.intermediate.manifest
d:\새 폴더\client\fbxexporter\fbxexporter\debug\fbxexporter.exe.embed.manifest.res
d:\새 폴더\client\fbxexporter\fbxexporter\debug\vc100.idb
d:\새 폴더\client\fbxexporter\fbxexporter\debug\vc141.idb
d:\새 폴더\client\fbxexporter\fbxexporter\debug\vc141.pdb
d:\새 폴더\client\fbxexporter\fbxexporter\debug\fbxexporter_manifest.rc
d:\새 폴더\client\fbxexporter\debug\fbxexporter.pdb
d:\새 폴더\client\fbxexporter\debug\fbxexporter.ilk
d:\새 폴더\client\fbxexporter\fbxexporter\debug\fbxexporter.tlog\cl.command.1.tlog
d:\새 폴더\client\fbxexporter\fbxexporter\debug\fbxexporter.tlog\cl.read.1.tlog
d:\새 폴더\client\fbxexporter\fbxexporter\debug\fbxexporter.tlog\cl.write.1.tlog
d:\새 폴더\client\fbxexporter\fbxexporter\debug\fbxexporter.tlog\link.command.1.tlog
d:\새 폴더\client\fbxexporter\fbxexporter\debug\fbxexporter.tlog\link.read.1.tlog
d:\새 폴더\client\fbxexporter\fbxexporter\debug\fbxexporter.tlog\link.write.1.tlog
