d:\googledrive\study\project\graduateproject\clienttestcodes\frameworks\frameworks\x64\release\framework01.pch
d:\googledrive\study\project\graduateproject\clienttestcodes\frameworks\frameworks\x64\release\vc141.pdb
d:\googledrive\study\project\graduateproject\clienttestcodes\frameworks\frameworks\x64\release\stdafx.obj
d:\googledrive\study\project\graduateproject\clienttestcodes\frameworks\frameworks\x64\release\skybox.obj
d:\googledrive\study\project\graduateproject\clienttestcodes\frameworks\frameworks\x64\release\heightmapterrain.obj
d:\googledrive\study\project\graduateproject\clienttestcodes\frameworks\frameworks\x64\release\rotatingobject.obj
d:\googledrive\study\project\graduateproject\clienttestcodes\frameworks\frameworks\x64\release\aoscamera.obj
d:\googledrive\study\project\graduateproject\clienttestcodes\frameworks\frameworks\x64\release\camera.obj
d:\googledrive\study\project\graduateproject\clienttestcodes\frameworks\frameworks\x64\release\baseobject.obj
d:\googledrive\study\project\graduateproject\clienttestcodes\frameworks\frameworks\x64\release\arrowshader.obj
d:\googledrive\study\project\graduateproject\clienttestcodes\frameworks\frameworks\x64\release\skyboxshader.obj
d:\googledrive\study\project\graduateproject\clienttestcodes\frameworks\frameworks\x64\release\terrainshader.obj
d:\googledrive\study\project\graduateproject\clienttestcodes\frameworks\frameworks\x64\release\objectshader.obj
d:\googledrive\study\project\graduateproject\clienttestcodes\frameworks\frameworks\x64\release\shader.obj
d:\googledrive\study\project\graduateproject\clienttestcodes\frameworks\frameworks\x64\release\scene.obj
d:\googledrive\study\project\graduateproject\clienttestcodes\frameworks\frameworks\x64\release\rendermgr.obj
d:\googledrive\study\project\graduateproject\clienttestcodes\frameworks\frameworks\x64\release\createmgr.obj
d:\googledrive\study\project\graduateproject\clienttestcodes\frameworks\frameworks\x64\release\framework.obj
d:\googledrive\study\project\graduateproject\clienttestcodes\frameworks\frameworks\x64\release\framework01.obj
d:\googledrive\study\project\graduateproject\clienttestcodes\frameworks\frameworks\x64\release\safefunc.obj
d:\googledrive\study\project\graduateproject\clienttestcodes\frameworks\frameworks\x64\release\ddstextureloader12.obj
d:\googledrive\study\project\graduateproject\clienttestcodes\frameworks\frameworks\x64\release\exptprocess.obj
d:\googledrive\study\project\graduateproject\clienttestcodes\frameworks\frameworks\x64\release\timer.obj
d:\googledrive\study\project\graduateproject\clienttestcodes\frameworks\frameworks\x64\release\meshimporter.obj
d:\googledrive\study\project\graduateproject\clienttestcodes\frameworks\frameworks\x64\release\mesh.obj
d:\googledrive\study\project\graduateproject\clienttestcodes\frameworks\frameworks\x64\release\vertex.obj
d:\googledrive\study\project\graduateproject\clienttestcodes\frameworks\frameworks\x64\release\material.obj
d:\googledrive\study\project\graduateproject\clienttestcodes\frameworks\frameworks\x64\release\texture.obj
d:\googledrive\study\project\graduateproject\clienttestcodes\frameworks\frameworks\x64\release\prefabs.obj
d:\googledrive\study\project\graduateproject\clienttestcodes\frameworks\frameworks\x64\release\skeleton.obj
d:\googledrive\study\project\graduateproject\clienttestcodes\frameworks\frameworks\x64\release\arrow.obj
d:\졸작\client\frameworks\x64\release\framework01.ipdb
d:\졸작\client\frameworks\x64\release\framework01.iobj
d:\googledrive\study\project\graduateproject\clienttestcodes\frameworks\x64\release\framework01.ipdb
d:\googledrive\study\project\graduateproject\clienttestcodes\frameworks\x64\release\framework01.iobj
d:\졸작\client\frameworks\x64\release\framework01.exe
d:\졸작\client\frameworks\x64\release\framework01.pdb
d:\googledrive\study\project\graduateproject\clienttestcodes\frameworks\frameworks\x64\release\framework01.res
d:\googledrive\study\project\graduateproject\clienttestcodes\frameworks\x64\release\framework01.pdb
d:\googledrive\study\project\graduateproject\clienttestcodes\frameworks\x64\release\framework01.exe
d:\googledrive\study\project\graduateproject\clienttestcodes\frameworks\frameworks\x64\release\framework01.tlog\cl.command.1.tlog
d:\googledrive\study\project\graduateproject\clienttestcodes\frameworks\frameworks\x64\release\framework01.tlog\cl.read.1.tlog
d:\googledrive\study\project\graduateproject\clienttestcodes\frameworks\frameworks\x64\release\framework01.tlog\cl.write.1.tlog
d:\googledrive\study\project\graduateproject\clienttestcodes\frameworks\frameworks\x64\release\framework01.tlog\framework01.write.1u.tlog
d:\googledrive\study\project\graduateproject\clienttestcodes\frameworks\frameworks\x64\release\framework01.tlog\link-cvtres.read.1.tlog
d:\googledrive\study\project\graduateproject\clienttestcodes\frameworks\frameworks\x64\release\framework01.tlog\link-cvtres.write.1.tlog
d:\googledrive\study\project\graduateproject\clienttestcodes\frameworks\frameworks\x64\release\framework01.tlog\link-rc.read.1.tlog
d:\googledrive\study\project\graduateproject\clienttestcodes\frameworks\frameworks\x64\release\framework01.tlog\link-rc.write.1.tlog
d:\googledrive\study\project\graduateproject\clienttestcodes\frameworks\frameworks\x64\release\framework01.tlog\link.command.1.tlog
d:\googledrive\study\project\graduateproject\clienttestcodes\frameworks\frameworks\x64\release\framework01.tlog\link.read.1.tlog
d:\googledrive\study\project\graduateproject\clienttestcodes\frameworks\frameworks\x64\release\framework01.tlog\link.write.1.tlog
d:\googledrive\study\project\graduateproject\clienttestcodes\frameworks\frameworks\x64\release\framework01.tlog\rc.command.1.tlog
d:\googledrive\study\project\graduateproject\clienttestcodes\frameworks\frameworks\x64\release\framework01.tlog\rc.read.1.tlog
d:\googledrive\study\project\graduateproject\clienttestcodes\frameworks\frameworks\x64\release\framework01.tlog\rc.write.1.tlog
