  Timer.cpp
  CollisionManager.cpp
d:\새 폴더\client\frameworks\frameworks\code\00.global\01.utility\05.collisionmanager\collisionmanager.h(9): warning C4100: 'atk': 참조되지 않은 정식 매개 변수입니다.
d:\새 폴더\client\frameworks\frameworks\code\00.global\01.utility\05.collisionmanager\collisionmanager.h(9): warning C4100: 'hp': 참조되지 않은 정식 매개 변수입니다.
d:\새 폴더\client\frameworks\frameworks\code\00.global\01.utility\04.wayfinder\wayfinder.h(34): warning C4267: 'return': 'size_t'에서 'int'(으)로 변환하면서 데이터가 손실될 수 있습니다.
d:\새 폴더\client\frameworks\frameworks\code\00.global\01.utility\05.collisionmanager\collisionmanager.cpp(26): warning C4239: 비표준 확장이 사용됨: '초기화 중': 'std::_List_iterator<std::_List_val<std::_List_simple_types<_Ty>>>'에서 'std::_List_iterator<std::_List_val<std::_List_simple_types<_Ty>>> &'(으)로의 변환입니다.
          with
          [
              _Ty=CCollisionObject *
          ]
  d:\새 폴더\client\frameworks\frameworks\code\00.global\01.utility\05.collisionmanager\collisionmanager.cpp(26): note: 비const 참조는 lvalue에만 바인딩할 수 있습니다.
d:\새 폴더\client\frameworks\frameworks\code\00.global\01.utility\05.collisionmanager\collisionmanager.cpp(35): warning C4239: 비표준 확장이 사용됨: '인수': 'DirectX::XMFLOAT3'에서 'DirectX::XMFLOAT3 &'(으)로의 변환입니다.
  d:\새 폴더\client\frameworks\frameworks\code\00.global\01.utility\05.collisionmanager\collisionmanager.cpp(35): note: 비const 참조는 lvalue에만 바인딩할 수 있습니다.
d:\새 폴더\client\frameworks\frameworks\code\00.global\01.utility\05.collisionmanager\collisionmanager.cpp(40): warning C4239: 비표준 확장이 사용됨: '인수': 'DirectX::XMFLOAT3'에서 'DirectX::XMFLOAT3 &'(으)로의 변환입니다.
  d:\새 폴더\client\frameworks\frameworks\code\00.global\01.utility\05.collisionmanager\collisionmanager.cpp(40): note: 비const 참조는 lvalue에만 바인딩할 수 있습니다.
d:\새 폴더\client\frameworks\frameworks\code\00.global\01.utility\05.collisionmanager\collisionmanager.cpp(50): error C2039: 'cout': 'std'의 멤버가 아닙니다.
  c:\program files (x86)\microsoft visual studio\2017\community\vc\tools\msvc\14.13.26128\include\fstream(14): note: 'std' 선언을 참조하십시오.
d:\새 폴더\client\frameworks\frameworks\code\00.global\01.utility\05.collisionmanager\collisionmanager.cpp(50): error C2065: 'cout': 선언되지 않은 식별자입니다.
  FSMMgr.cpp
d:\새 폴더\client\frameworks\frameworks\code\05.objects\97.skeleton\skeleton.h(33): warning C4244: '인수': 'float'에서 'const unsigned __int64'(으)로 변환하면서 데이터가 손실될 수 있습니다.
d:\새 폴더\client\frameworks\frameworks\code\05.objects\97.skeleton\skeleton.h(34): warning C4267: 'return': 'size_t'에서 'int'(으)로 변환하면서 데이터가 손실될 수 있습니다.
d:\새 폴더\client\frameworks\frameworks\code\00.global\02.ai\00.fsmmgr\fsmmgr.cpp(54): warning C4100: 'timeElapsed': 참조되지 않은 정식 매개 변수입니다.
d:\새 폴더\client\frameworks\frameworks\code\00.global\02.ai\00.fsmmgr\fsmmgr.cpp(116): warning C4100: 'timeElapsed': 참조되지 않은 정식 매개 변수입니다.
d:\새 폴더\client\frameworks\frameworks\code\00.global\02.ai\00.fsmmgr\fsmmgr.cpp(134): warning C4100: 'obj': 참조되지 않은 정식 매개 변수입니다.
d:\새 폴더\client\frameworks\frameworks\code\00.global\02.ai\00.fsmmgr\fsmmgr.cpp(134): warning C4100: 'timeElapsed': 참조되지 않은 정식 매개 변수입니다.
  StaticObjectShader.cpp
d:\새 폴더\client\frameworks\frameworks\code\04.shaders\01.objectshader\staticobjectshader.cpp(147): warning C4100: 'pKeyBuffer': 참조되지 않은 정식 매개 변수입니다.
d:\새 폴더\client\frameworks\frameworks\code\04.shaders\01.objectshader\staticobjectshader.cpp(290): warning C4189: 'boundingBoxElementBytes': 지역 변수가 초기화되었으나 참조되지 않았습니다.
  PlayerShader.cpp
d:\새 폴더\client\frameworks\frameworks\code\05.objects\97.skeleton\skeleton.h(33): warning C4244: '인수': 'float'에서 'const unsigned __int64'(으)로 변환하면서 데이터가 손실될 수 있습니다.
d:\새 폴더\client\frameworks\frameworks\code\05.objects\97.skeleton\skeleton.h(34): warning C4267: 'return': 'size_t'에서 'int'(으)로 변환하면서 데이터가 손실될 수 있습니다.
d:\새 폴더\client\frameworks\frameworks\code\04.shaders\05.playershader\playershader.cpp(134): warning C4100: 'pKeyBuffer': 참조되지 않은 정식 매개 변수입니다.
d:\새 폴더\client\frameworks\frameworks\code\04.shaders\05.playershader\playershader.cpp(162): warning C4189: 'cnt': 지역 변수가 초기화되었으나 참조되지 않았습니다.
d:\새 폴더\client\frameworks\frameworks\code\04.shaders\05.playershader\playershader.cpp(337): warning C4305: '인수': 'double'에서 'float'(으)로 잘립니다.
d:\새 폴더\client\frameworks\frameworks\code\04.shaders\05.playershader\playershader.cpp(338): warning C4305: '인수': 'double'에서 'float'(으)로 잘립니다.
d:\새 폴더\client\frameworks\frameworks\code\04.shaders\05.playershader\playershader.cpp(338): warning C4239: 비표준 확장이 사용됨: '인수': 'DirectX::XMFLOAT3'에서 'DirectX::XMFLOAT3 &'(으)로의 변환입니다.
  d:\새 폴더\client\frameworks\frameworks\code\04.shaders\05.playershader\playershader.cpp(338): note: 비const 참조는 lvalue에만 바인딩할 수 있습니다.
d:\새 폴더\client\frameworks\frameworks\code\04.shaders\05.playershader\playershader.cpp(361): warning C4305: '인수': 'double'에서 'float'(으)로 잘립니다.
d:\새 폴더\client\frameworks\frameworks\code\04.shaders\05.playershader\playershader.cpp(362): warning C4305: '인수': 'double'에서 'float'(으)로 잘립니다.
d:\새 폴더\client\frameworks\frameworks\code\04.shaders\05.playershader\playershader.cpp(368): warning C4305: '인수': 'double'에서 'float'(으)로 잘립니다.
