  Astar.cpp
d:\googledrive\study\project\graduateproject\clienttestcodes\frameworks\frameworks\code\00.global\01.utility\04.wayfinder\wayfinder.h(28): warning C4267: 'return': 'size_t'에서 'int'(으)로 변환하면서 데이터가 손실될 수 있습니다.
  WayFinder.cpp
d:\googledrive\study\project\graduateproject\clienttestcodes\frameworks\frameworks\code\00.global\01.utility\04.wayfinder\wayfinder.h(28): warning C4267: 'return': 'size_t'에서 'int'(으)로 변환하면서 데이터가 손실될 수 있습니다.
d:\googledrive\study\project\graduateproject\clienttestcodes\frameworks\frameworks\code\00.global\01.utility\04.wayfinder\wayfinder.cpp(19): warning C4305: '인수': 'double'에서 'float'(으)로 잘립니다.
d:\googledrive\study\project\graduateproject\clienttestcodes\frameworks\frameworks\code\00.global\01.utility\04.wayfinder\wayfinder.cpp(21): warning C4244: '=': 'float'에서 'LONG'(으)로 변환하면서 데이터가 손실될 수 있습니다.
d:\googledrive\study\project\graduateproject\clienttestcodes\frameworks\frameworks\code\00.global\01.utility\04.wayfinder\wayfinder.cpp(22): warning C4244: '=': 'float'에서 'LONG'(으)로 변환하면서 데이터가 손실될 수 있습니다.
d:\googledrive\study\project\graduateproject\clienttestcodes\frameworks\frameworks\code\00.global\01.utility\04.wayfinder\wayfinder.cpp(40): warning C4189: 'edgeIdx': 지역 변수가 초기화되었으나 참조되지 않았습니다.
d:\googledrive\study\project\graduateproject\clienttestcodes\frameworks\frameworks\code\00.global\01.utility\04.wayfinder\wayfinder.cpp(199): warning C4239: 비표준 확장이 사용됨: '인수': 'DirectX::XMFLOAT2'에서 'DirectX::XMFLOAT2 &'(으)로의 변환입니다.
  d:\googledrive\study\project\graduateproject\clienttestcodes\frameworks\frameworks\code\00.global\01.utility\04.wayfinder\wayfinder.cpp(199): note: 비const 참조는 lvalue에만 바인딩할 수 있습니다.
d:\googledrive\study\project\graduateproject\clienttestcodes\frameworks\frameworks\code\00.global\01.utility\04.wayfinder\wayfinder.cpp(242): warning C4239: 비표준 확장이 사용됨: '인수': 'DirectX::XMFLOAT2'에서 'DirectX::XMFLOAT2 &'(으)로의 변환입니다.
  d:\googledrive\study\project\graduateproject\clienttestcodes\frameworks\frameworks\code\00.global\01.utility\04.wayfinder\wayfinder.cpp(242): note: 비const 참조는 lvalue에만 바인딩할 수 있습니다.
c:\program files (x86)\microsoft visual studio\2017\community\vc\tools\msvc\14.13.26128\include\xmemory0(919): warning C4239: 비표준 확장이 사용됨: '인수': 'DirectX::XMFLOAT2'에서 'DirectX::XMFLOAT2 &'(으)로의 변환입니다.
  c:\program files (x86)\microsoft visual studio\2017\community\vc\tools\msvc\14.13.26128\include\xmemory0(919): note: 비const 참조는 lvalue에만 바인딩할 수 있습니다.
  c:\program files (x86)\microsoft visual studio\2017\community\vc\tools\msvc\14.13.26128\include\vector(968): note: 컴파일 중인 함수 템플릿 인스턴스화 'void std::_Default_allocator_traits<_Alloc>::construct<_Ty,int,DirectX::XMFLOAT2,DirectX::XMFLOAT2&>(_Alloc &,_Objty *const ,int &&,DirectX::XMFLOAT2 &&,DirectX::XMFLOAT2 &)'에 대한 참조를 확인하십시오.
          with
          [
              _Alloc=std::allocator<CNode>,
              _Ty=CNode,
              _Objty=CNode
          ]
  c:\program files (x86)\microsoft visual studio\2017\community\vc\tools\msvc\14.13.26128\include\vector(968): note: 컴파일 중인 함수 템플릿 인스턴스화 'void std::_Default_allocator_traits<_Alloc>::construct<_Ty,int,DirectX::XMFLOAT2,DirectX::XMFLOAT2&>(_Alloc &,_Objty *const ,int &&,DirectX::XMFLOAT2 &&,DirectX::XMFLOAT2 &)'에 대한 참조를 확인하십시오.
          with
          [
              _Alloc=std::allocator<CNode>,
              _Ty=CNode,
              _Objty=CNode
          ]
  d:\googledrive\study\project\graduateproject\clienttestcodes\frameworks\frameworks\code\00.global\01.utility\04.wayfinder\wayfinder.cpp(33): note: 컴파일 중인 함수 템플릿 인스턴스화 'void std::vector<CNode,std::allocator<_Ty>>::emplace_back<int,DirectX::XMFLOAT2,DirectX::XMFLOAT2&>(int &&,DirectX::XMFLOAT2 &&,DirectX::XMFLOAT2 &)'에 대한 참조를 확인하십시오.
          with
          [
              _Ty=CNode
          ]
  Scene.cpp
d:\googledrive\study\project\graduateproject\clienttestcodes\frameworks\frameworks\code\05.objects\97.skeleton\skeleton.h(34): warning C4267: 'return': 'size_t'에서 'int'(으)로 변환하면서 데이터가 손실될 수 있습니다.
d:\googledrive\study\project\graduateproject\clienttestcodes\frameworks\frameworks\code\05.objects\97.skeleton\skeleton.h(38): warning C4244: '인수': 'float'에서 'const unsigned __int64'(으)로 변환하면서 데이터가 손실될 수 있습니다.
d:\googledrive\study\project\graduateproject\clienttestcodes\frameworks\frameworks\code\00.global\01.utility\04.wayfinder\wayfinder.h(28): warning C4267: 'return': 'size_t'에서 'int'(으)로 변환하면서 데이터가 손실될 수 있습니다.
d:\googledrive\study\project\graduateproject\clienttestcodes\frameworks\frameworks\code\03.scenes\00.basescene\scene.cpp(47): warning C4189: 'Result': 지역 변수가 초기화되었으나 참조되지 않았습니다.
d:\googledrive\study\project\graduateproject\clienttestcodes\frameworks\frameworks\code\03.scenes\00.basescene\scene.cpp(159): warning C4189: 'ret': 지역 변수가 초기화되었으나 참조되지 않았습니다.
d:\googledrive\study\project\graduateproject\clienttestcodes\frameworks\frameworks\code\03.scenes\00.basescene\scene.cpp(180): warning C4100: 'hWnd': 참조되지 않은 정식 매개 변수입니다.
d:\googledrive\study\project\graduateproject\clienttestcodes\frameworks\frameworks\code\03.scenes\00.basescene\scene.cpp(266): warning C4305: '인수': 'double'에서 'float'(으)로 잘립니다.
d:\googledrive\study\project\graduateproject\clienttestcodes\frameworks\frameworks\code\03.scenes\00.basescene\scene.cpp(329): warning C4189: 'nIntersected': 지역 변수가 초기화되었으나 참조되지 않았습니다.
d:\googledrive\study\project\graduateproject\clienttestcodes\frameworks\frameworks\code\03.scenes\00.basescene\scene.cpp(370): warning C4239: 비표준 확장이 사용됨: '인수': 'DirectX::XMFLOAT2'에서 'DirectX::XMFLOAT2 &'(으)로의 변환입니다.
  d:\googledrive\study\project\graduateproject\clienttestcodes\frameworks\frameworks\code\03.scenes\00.basescene\scene.cpp(370): note: 비const 참조는 lvalue에만 바인딩할 수 있습니다.
d:\googledrive\study\project\graduateproject\clienttestcodes\frameworks\frameworks\code\03.scenes\00.basescene\scene.cpp(373): warning C4244: '=': 'float'에서 'short'(으)로 변환하면서 데이터가 손실될 수 있습니다.
d:\googledrive\study\project\graduateproject\clienttestcodes\frameworks\frameworks\code\03.scenes\00.basescene\scene.cpp(374): warning C4244: '=': 'float'에서 'short'(으)로 변환하면서 데이터가 손실될 수 있습니다.
d:\googledrive\study\project\graduateproject\clienttestcodes\frameworks\frameworks\code\03.scenes\00.basescene\scene.cpp(392): warning C4100: 'lParam': 참조되지 않은 정식 매개 변수입니다.
  코드를 생성하고 있습니다...
  Frameworks.vcxproj -> D:\GoogleDrive\Study\Project\GraduateProject\ClientTestCodes\Frameworks\x64\Debug\Framework01.exe
