d:\googledrive\study\project\graduateproject\clienttestcodes\frameworks\frameworks\x64\debug\vc141.pdb
d:\googledrive\study\project\graduateproject\clienttestcodes\frameworks\frameworks\x64\debug\vc141.idb
d:\googledrive\study\project\graduateproject\clienttestcodes\frameworks\frameworks\x64\debug\framework01.pch
d:\googledrive\study\project\graduateproject\clienttestcodes\frameworks\frameworks\x64\debug\stdafx.obj
d:\googledrive\study\project\graduateproject\clienttestcodes\frameworks\frameworks\x64\debug\baseobject.obj
d:\googledrive\study\project\graduateproject\clienttestcodes\frameworks\frameworks\x64\debug\camera.obj
d:\googledrive\study\project\graduateproject\clienttestcodes\frameworks\frameworks\x64\debug\exptprocess.obj
d:\googledrive\study\project\graduateproject\clienttestcodes\frameworks\frameworks\x64\debug\player.obj
d:\googledrive\study\project\graduateproject\clienttestcodes\frameworks\frameworks\x64\debug\createmgr.obj
d:\googledrive\study\project\graduateproject\clienttestcodes\frameworks\frameworks\x64\debug\diffusedshader.obj
d:\googledrive\study\project\graduateproject\clienttestcodes\frameworks\frameworks\x64\debug\firstpersoncamera.obj
d:\googledrive\study\project\graduateproject\clienttestcodes\frameworks\frameworks\x64\debug\objectshader.obj
d:\googledrive\study\project\graduateproject\clienttestcodes\frameworks\frameworks\x64\debug\rotatingobject.obj
d:\googledrive\study\project\graduateproject\clienttestcodes\frameworks\frameworks\x64\debug\spaceshipcamera.obj
d:\googledrive\study\project\graduateproject\clienttestcodes\frameworks\frameworks\x64\debug\thirdpersoncamera.obj
d:\googledrive\study\project\graduateproject\clienttestcodes\frameworks\frameworks\x64\debug\timer.obj
d:\googledrive\study\project\graduateproject\clienttestcodes\frameworks\frameworks\x64\debug\framework.obj
d:\googledrive\study\project\graduateproject\clienttestcodes\frameworks\frameworks\x64\debug\framework01.obj
d:\googledrive\study\project\graduateproject\clienttestcodes\frameworks\frameworks\x64\debug\mesh.obj
d:\googledrive\study\project\graduateproject\clienttestcodes\frameworks\frameworks\x64\debug\rendermgr.obj
d:\googledrive\study\project\graduateproject\clienttestcodes\frameworks\frameworks\x64\debug\scene.obj
d:\googledrive\study\project\graduateproject\clienttestcodes\frameworks\frameworks\x64\debug\shader.obj
d:\googledrive\study\project\graduateproject\clienttestcodes\frameworks\frameworks\x64\debug\vertex.obj
d:\googledrive\study\project\graduateproject\clienttestcodes\frameworks\frameworks\x64\debug\airplaneplayer.obj
d:\googledrive\study\project\graduateproject\clienttestcodes\frameworks\x64\debug\shaders.cso
d:\googledrive\study\project\graduateproject\clienttestcodes\frameworks\x64\debug\framework01.exe
d:\googledrive\study\project\graduateproject\clienttestcodes\frameworks\x64\debug\framework01.ilk
d:\googledrive\study\project\graduateproject\clienttestcodes\frameworks\x64\debug\framework01.pdb
d:\googledrive\study\project\graduateproject\clienttestcodes\frameworks\frameworks\x64\debug\framework01.res
d:\googledrive\study\project\graduateproject\clienttestcodes\frameworks\frameworks\x64\debug\framework01.tlog\cl.command.1.tlog
d:\googledrive\study\project\graduateproject\clienttestcodes\frameworks\frameworks\x64\debug\framework01.tlog\cl.read.1.tlog
d:\googledrive\study\project\graduateproject\clienttestcodes\frameworks\frameworks\x64\debug\framework01.tlog\cl.write.1.tlog
d:\googledrive\study\project\graduateproject\clienttestcodes\frameworks\frameworks\x64\debug\framework01.tlog\framework01.write.1u.tlog
d:\googledrive\study\project\graduateproject\clienttestcodes\frameworks\frameworks\x64\debug\framework01.tlog\link.command.1.tlog
d:\googledrive\study\project\graduateproject\clienttestcodes\frameworks\frameworks\x64\debug\framework01.tlog\link.read.1.tlog
d:\googledrive\study\project\graduateproject\clienttestcodes\frameworks\frameworks\x64\debug\framework01.tlog\link.write.1.tlog
d:\googledrive\study\project\graduateproject\clienttestcodes\frameworks\frameworks\x64\debug\framework01.tlog\rc.command.1.tlog
d:\googledrive\study\project\graduateproject\clienttestcodes\frameworks\frameworks\x64\debug\framework01.tlog\rc.read.1.tlog
d:\googledrive\study\project\graduateproject\clienttestcodes\frameworks\frameworks\x64\debug\framework01.tlog\rc.write.1.tlog
