  FBXExporter.cpp
D:\새 폴더\client\FBXexporter\FBXExporter\DirectX\Include\xnamath.h(2662): warning C4838: 'unsigned int'에서 'INT'(으)로의 변환에는 축소 변환이 필요합니다.
D:\새 폴더\client\FBXexporter\FBXExporter\DirectX\Include\xnamath.h(2663): warning C4838: 'unsigned int'에서 'INT'(으)로의 변환에는 축소 변환이 필요합니다.
D:\새 폴더\client\FBXexporter\FBXExporter\DirectX\Include\xnamath.h(2664): warning C4838: 'unsigned int'에서 'INT'(으)로의 변환에는 축소 변환이 필요합니다.
D:\새 폴더\client\FBXexporter\FBXExporter\DirectX\Include\xnamath.h(2665): warning C4838: 'unsigned int'에서 'INT'(으)로의 변환에는 축소 변환이 필요합니다.
D:\새 폴더\client\FBXexporter\FBXExporter\DirectX\Include\xnamath.h(2666): warning C4838: 'unsigned int'에서 'INT'(으)로의 변환에는 축소 변환이 필요합니다.
D:\새 폴더\client\FBXexporter\FBXExporter\DirectX\Include\xnamath.h(2667): warning C4838: 'unsigned int'에서 'INT'(으)로의 변환에는 축소 변환이 필요합니다.
D:\새 폴더\client\FBXexporter\FBXExporter\DirectX\Include\xnamath.h(2668): warning C4838: 'unsigned int'에서 'INT'(으)로의 변환에는 축소 변환이 필요합니다.
D:\새 폴더\client\FBXexporter\FBXExporter\DirectX\Include\xnamath.h(2689): warning C4838: 'unsigned int'에서 'INT'(으)로의 변환에는 축소 변환이 필요합니다.
D:\새 폴더\client\FBXexporter\FBXExporter\DirectX\Include\xnamath.h(2690): warning C4838: 'unsigned int'에서 'INT'(으)로의 변환에는 축소 변환이 필요합니다.
D:\새 폴더\client\FBXexporter\FBXExporter\DirectX\Include\xnamath.h(2691): warning C4838: 'unsigned int'에서 'INT'(으)로의 변환에는 축소 변환이 필요합니다.
D:\새 폴더\client\FBXexporter\FBXExporter\DirectX\Include\xnamath.h(2694): warning C4838: 'unsigned int'에서 'INT'(으)로의 변환에는 축소 변환이 필요합니다.
D:\새 폴더\client\FBXexporter\FBXExporter\DirectX\Include\xnamath.h(2695): warning C4838: 'unsigned int'에서 'INT'(으)로의 변환에는 축소 변환이 필요합니다.
D:\새 폴더\client\FBXexporter\FBXExporter\DirectX\Include\xnamath.h(2698): warning C4838: 'unsigned int'에서 'INT'(으)로의 변환에는 축소 변환이 필요합니다.
D:\새 폴더\client\FBXexporter\FBXExporter\DirectX\Include\xnamath.h(2702): warning C4838: 'unsigned int'에서 'INT'(으)로의 변환에는 축소 변환이 필요합니다.
D:\새 폴더\client\FBXexporter\FBXExporter\DirectX\Include\xnamath.h(2712): warning C4838: 'unsigned int'에서 'INT'(으)로의 변환에는 축소 변환이 필요합니다.
D:\새 폴더\client\FBXexporter\FBXExporter\DirectX\Include\xnamath.h(2713): warning C4838: 'unsigned int'에서 'INT'(으)로의 변환에는 축소 변환이 필요합니다.
D:\새 폴더\client\FBXexporter\FBXExporter\DirectX\Include\xnamath.h(2715): warning C4838: 'unsigned int'에서 'INT'(으)로의 변환에는 축소 변환이 필요합니다.
D:\새 폴더\client\FBXexporter\FBXExporter\DirectX\Include\xnamath.h(2716): warning C4838: 'unsigned int'에서 'INT'(으)로의 변환에는 축소 변환이 필요합니다.
D:\새 폴더\client\FBXexporter\FBXExporter\DirectX\Include\xnamath.h(2717): warning C4838: 'unsigned int'에서 'INT'(으)로의 변환에는 축소 변환이 필요합니다.
D:\새 폴더\client\FBXexporter\FBXExporter\DirectX\Include\xnamath.h(2727): warning C4838: 'unsigned int'에서 'INT'(으)로의 변환에는 축소 변환이 필요합니다.
D:\새 폴더\client\FBXexporter\FBXExporter\DirectX\Include\xnamath.h(2728): warning C4838: 'unsigned int'에서 'INT'(으)로의 변환에는 축소 변환이 필요합니다.
D:\새 폴더\client\FBXexporter\FBXExporter\DirectX\Include\xnamath.h(2729): warning C4838: 'unsigned int'에서 'INT'(으)로의 변환에는 축소 변환이 필요합니다.
D:\새 폴더\client\FBXexporter\FBXExporter\DirectX\Include\xnamath.h(2730): warning C4838: 'unsigned int'에서 'INT'(으)로의 변환에는 축소 변환이 필요합니다.
D:\새 폴더\client\FBXexporter\FBXExporter\DirectX\Include\xnamath.h(2731): warning C4838: 'unsigned int'에서 'INT'(으)로의 변환에는 축소 변환이 필요합니다.
D:\새 폴더\client\FBXexporter\FBXExporter\DirectX\Include\xnamath.h(2732): warning C4838: 'unsigned int'에서 'INT'(으)로의 변환에는 축소 변환이 필요합니다.
D:\새 폴더\client\FBXexporter\FBXExporter\DirectX\Include\xnamath.h(2742): warning C4838: 'unsigned int'에서 'INT'(으)로의 변환에는 축소 변환이 필요합니다.
D:\새 폴더\client\FBXexporter\FBXExporter\DirectX\Include\xnamath.h(2743): warning C4838: 'unsigned int'에서 'INT'(으)로의 변환에는 축소 변환이 필요합니다.
D:\새 폴더\client\FBXexporter\FBXExporter\DirectX\Include\xnamath.h(2754): warning C4838: 'unsigned int'에서 'INT'(으)로의 변환에는 축소 변환이 필요합니다.
d:\새 폴더\client\fbxexporter\fbxexporter\directx\include\xnamathconvert.inl(2254): warning C4838: 'unsigned int'에서 'INT'(으)로의 변환에는 축소 변환이 필요합니다.
d:\새 폴더\client\fbxexporter\fbxexporter\directx\include\xnamathconvert.inl(4523): warning C4838: 'unsigned int'에서 'INT'(으)로의 변환에는 축소 변환이 필요합니다.
d:\새 폴더\client\fbxexporter\fbxexporter\directx\include\xnamathconvert.inl(4577): warning C4838: 'unsigned int'에서 'INT'(으)로의 변환에는 축소 변환이 필요합니다.
d:\새 폴더\client\fbxexporter\fbxexporter\directx\include\xnamathconvert.inl(4639): warning C4838: 'unsigned int'에서 'INT'(으)로의 변환에는 축소 변환이 필요합니다.
d:\새 폴더\client\fbxexporter\fbxexporter\directx\include\xnamathconvert.inl(4707): warning C4838: 'unsigned int'에서 'INT'(으)로의 변환에는 축소 변환이 필요합니다.
d:\새 폴더\client\fbxexporter\fbxexporter\directx\include\xnamathconvert.inl(4770): warning C4838: 'unsigned int'에서 'INT'(으)로의 변환에는 축소 변환이 필요합니다.
d:\새 폴더\client\fbxexporter\fbxexporter\directx\include\xnamathconvert.inl(4832): warning C4838: 'unsigned int'에서 'INT'(으)로의 변환에는 축소 변환이 필요합니다.
d:\새 폴더\client\fbxexporter\fbxexporter\directx\include\xnamathmisc.inl(518): warning C4838: 'unsigned int'에서 'INT'(으)로의 변환에는 축소 변환이 필요합니다.
d:\새 폴더\client\fbxexporter\fbxexporter\directx\include\xnamathmisc.inl(519): warning C4838: 'unsigned int'에서 'INT'(으)로의 변환에는 축소 변환이 필요합니다.
  코드를 생성하고 있습니다.
  1 of 1303 functions ( 0.1%) were compiled, the rest were copied from previous compilation.
    0 functions were new in current compilation
    1 functions had inline decision re-evaluated but remain unchanged
  코드를 생성했습니다.
  FBXExporter.vcxproj -> D:\새 폴더\client\FBXexporter\Release\FBXExporter.exe
